<?xml version="1.0" encoding="UTF-8"?>
<!-- Generated by org.testng.reporters.JUnitReportReporter -->
<testsuite skipped="0" hostname="LAPTOP-L43D0T59" name="com.acti.TestCases.TC03_AddNewUser" tests="1" failures="0" timestamp="21 Apr 2021 18:50:54 GMT" time="30.574" errors="0">
  <testcase name="validateCreateUser" time="30.574" classname="com.acti.TestCases.TC03_AddNewUser"/>
</testsuite> <!-- com.acti.TestCases.TC03_AddNewUser -->
