<?xml version="1.0" encoding="UTF-8"?>
<!-- Generated by org.testng.reporters.JUnitReportReporter -->
<testsuite skipped="0" hostname="LAPTOP-L43D0T59" name="com.acti.TestCases.TC01_ValidateLogin" tests="3" failures="0" timestamp="21 Apr 2021 19:16:03 GMT" time="29.465" errors="0">
  <testcase name="testPageTitle" time="9.032" classname="com.acti.TestCases.TC01_ValidateLogin"/>
  <testcase name="testActiLogo" time="10.379" classname="com.acti.TestCases.TC01_ValidateLogin"/>
  <testcase name="testLoginFunctionality" time="10.054" classname="com.acti.TestCases.TC01_ValidateLogin"/>
</testsuite> <!-- com.acti.TestCases.TC01_ValidateLogin -->
