<?xml version="1.0" encoding="UTF-8"?>
<!-- Generated by org.testng.reporters.JUnitReportReporter -->
<testsuite skipped="0" hostname="LAPTOP-L43D0T59" name="com.acti.TestCases.TC02_VerifyEnterTimeTrackPage" tests="5" failures="0" timestamp="21 Apr 2021 18:02:25 GMT" time="98.147" errors="0">
  <testcase name="testEnterTimeMenuDisplayed" time="25.575" classname="com.acti.TestCases.TC02_VerifyEnterTimeTrackPage"/>
  <testcase name="testUserMenuDsiplayed" time="15.831" classname="com.acti.TestCases.TC02_VerifyEnterTimeTrackPage"/>
  <testcase name="testTimeTrackMenuDsiplayed" time="18.086" classname="com.acti.TestCases.TC02_VerifyEnterTimeTrackPage"/>
  <testcase name="testTaskMenuDisplayed" time="18.581" classname="com.acti.TestCases.TC02_VerifyEnterTimeTrackPage"/>
  <testcase name="testReportsMenuDisplayed" time="20.074" classname="com.acti.TestCases.TC02_VerifyEnterTimeTrackPage"/>
</testsuite> <!-- com.acti.TestCases.TC02_VerifyEnterTimeTrackPage -->
