<?xml version="1.0" encoding="UTF-8"?>
<!-- Generated by org.testng.reporters.JUnitReportReporter -->
<testsuite skipped="0" hostname="LAPTOP-L43D0T59" name="com.acti.Base.DriverScript" tests="1" failures="0" timestamp="21 Apr 2021 15:13:31 GMT" time="14.781" errors="0">
  <testcase name="initBrowser" time="14.781" classname="com.acti.Base.DriverScript"/>
</testsuite> <!-- com.acti.Base.DriverScript -->
